$LOG,0.000,,0,START FILE=../sample/L6_20211226_082212_12MHz_IQ.bin FS=12.000 FI=0.000 IQ=2 TOFF=0.000
$LOG,0.016,L6E,204,SIGNAL FOUND (43.2,-125.0,0.0038227)
$STAT,0.048,L6E,204,8,43.2,3.8226689,-105.2,-3.7,0,0
$STAT,0.096,L6E,204,20,43.2,3.8226720,-95.7,-8.5,0,0
$STAT,0.144,L6E,204,32,43.2,3.8226749,-94.0,-13.0,0,0
$STAT,0.192,L6E,204,44,43.2,3.8226783,-93.7,-17.5,0,0
$STAT,0.240,L6E,204,56,43.2,3.8226819,-93.3,-22.0,0,0
$STAT,0.288,L6E,204,68,43.2,3.8226860,-93.6,-26.5,0,0
$STAT,0.336,L6E,204,80,43.2,3.8226900,-93.5,-30.9,0,0
$STAT,0.384,L6E,204,92,43.2,3.8226943,-93.6,-35.4,0,0
$STAT,0.432,L6E,204,104,43.2,3.8226991,-93.3,-39.9,0,0
$STAT,0.480,L6E,204,116,43.2,3.8227042,-92.9,-44.4,0,0
$STAT,0.528,L6E,204,128,43.2,3.8227084,-93.2,-48.8,0,0
$STAT,0.576,L6E,204,140,43.2,3.8227080,-93.4,-53.3,0,0
$STAT,0.624,L6E,204,152,43.2,3.8227082,-93.3,-57.8,0,0
$STAT,0.672,L6E,204,164,43.2,3.8227084,-93.2,-62.3,0,0
$STAT,0.720,L6E,204,176,43.2,3.8227082,-93.1,-66.7,0,0
$STAT,0.768,L6E,204,188,43.2,3.8227083,-93.1,-71.2,0,0
$STAT,0.816,L6E,204,200,43.2,3.8227085,-93.0,-75.7,0,0
$STAT,0.864,L6E,204,212,43.2,3.8227089,-93.3,-80.1,0,0
$STAT,0.912,L6E,204,224,43.2,3.8227095,-93.3,-84.6,0,0
$STAT,0.960,L6E,204,236,43.2,3.8227107,-93.1,-89.1,0,0
$STAT,1.008,L6E,204,248,43.2,3.8227121,-93.1,-93.5,0,0
$STAT,1.056,L6E,204,260,45.1,3.8227137,-89.6,-97.9,0,0
$STAT,1.104,L6E,204,272,45.1,3.8227154,-90.8,-102.2,0,0
$STAT,1.152,L6E,204,284,45.1,3.8227176,-91.8,-106.6,0,0
$STAT,1.200,L6E,204,296,45.1,3.8227202,-92.3,-111.0,0,0
$STAT,1.248,L6E,204,308,45.1,3.8227229,-92.8,-115.5,0,0
$STAT,1.296,L6E,204,320,45.1,3.8227259,-93.2,-119.9,0,0
$STAT,1.344,L6E,204,332,45.1,3.8227292,-93.1,-124.4,0,0
$STAT,1.392,L6E,204,344,45.1,3.8227329,-93.4,-128.9,0,0
$STAT,1.440,L6E,204,356,45.1,3.8227366,-93.5,-133.4,0,0
$STAT,1.488,L6E,204,368,45.1,3.8227409,-93.2,-137.8,0,0
$STAT,1.536,L6E,204,380,45.1,3.8227454,-93.3,-142.3,0,0
$STAT,1.584,L6E,204,392,45.1,3.8227501,-93.2,-146.8,0,0
$STAT,1.632,L6E,204,404,45.1,3.8227555,-93.2,-151.2,0,0
$STAT,1.680,L6E,204,416,45.1,3.8227607,-93.1,-155.7,0,0
$STAT,1.728,L6E,204,428,45.1,3.8227662,-92.9,-160.2,0,0
$STAT,1.776,L6E,204,440,45.1,3.8227719,-92.9,-164.6,0,0
$L6FRM,0.784,L6E,204,0,1ACFFC1DCC2183ADC223908C15183E800000C0220003EBFCC82103FCC581D418800152FF701440006560360C200050BFD1C710000A580D84081FFE2FF30244000117FBD14200020BFD90C100006581066880003AC06D3C400069603120207FBAB017D110000D580DC9881FDAAC0C35040FF09601DAA207F86B01616103FB4581C2C08000DAFF606440FF997F92B4200000BFC31B103FF95FEE2E8800052C0587840FF9D7FA300000000000000000000000000000000000000000000000000000000000000000000000000000000000000000000000000000000081D5B5B22CDBB0EF285BE3B77B32DD6FE99DE040EDC8DFD4044F7D1E5FBABFF8
$STAT,1.824,L6E,204,452,45.1,3.8227780,-92.7,-169.1,1,0
$STAT,1.872,L6E,204,464,45.1,3.8227844,-93.0,-173.6,1,0
$STAT,1.920,L6E,204,476,45.1,3.8227909,-93.1,-178.0,1,0
$STAT,1.968,L6E,204,488,45.1,3.8227920,-93.0,-182.5,1,0
$STAT,2.016,L6E,204,500,46.1,3.8227927,-93.2,-187.0,1,0
$STAT,2.064,L6E,204,512,46.1,3.8227937,-93.0,-191.4,1,0
$STAT,2.112,L6E,204,524,46.1,3.8227947,-92.9,-195.9,1,0
$STAT,2.160,L6E,204,536,46.1,3.8227960,-92.9,-200.3,1,0
$STAT,2.208,L6E,204,548,46.1,3.8227976,-93.0,-204.8,1,0
$STAT,2.256,L6E,204,560,46.1,3.8227994,-92.9,-209.3,1,0
$STAT,2.304,L6E,204,572,46.1,3.8228015,-93.0,-213.7,1,0
$STAT,2.352,L6E,204,584,46.1,3.8228041,-92.8,-218.2,1,0
$STAT,2.400,L6E,204,596,46.1,3.8228068,-92.9,-222.7,1,0
$STAT,2.448,L6E,204,608,46.1,3.8228097,-93.0,-227.1,1,0
$STAT,2.496,L6E,204,620,46.1,3.8228131,-92.8,-231.6,1,0
$STAT,2.544,L6E,204,632,46.1,3.8228166,-93.0,-236.0,1,0
$STAT,2.592,L6E,204,644,46.1,3.8228207,-93.1,-240.5,1,0
$STAT,2.640,L6E,204,656,46.1,3.8228250,-93.0,-245.0,1,0
$STAT,2.688,L6E,204,668,46.1,3.8228296,-92.8,-249.4,1,0
$STAT,2.736,L6E,204,680,46.1,3.8228341,-93.0,-253.9,1,0
$STAT,2.784,L6E,204,692,46.1,3.8228392,-92.9,-258.3,1,0
$L6FRM,1.784,L6E,204,0,1ACFFC1DCC2183ADD22390981D6E84800000C020099F8400D7887FF82F8BFFC928DFF8EF8FFF8CA91FDF8B13FF90014003CF1800BE59A00D161E00CA021FFDB622007A9A7FFC3D29FF8E5AA001A8B1FFEA8B2008FCB4000D03A0026DBDFFFD13E00350C1FF6DA010B13FB02500000443FECB08BFB7891FDA0684FB94C4BFC0B71FF258D47D287ACFF8DE5BFB9DE3BFCBA67FEB0F71FC084A5FDAFA4FFBDE4A7EE0415FD441ADF91BF800000000000000000000000000000000000000000000000000000000000000000000000000000000000000000000000000E492F37728B4122A649E48CDF28E803AA9528E287450A4F7C10E0853B6F4B930
$STAT,2.832,L6E,204,704,46.1,3.8228445,-93.0,-262.8,2,0
$STAT,2.880,L6E,204,716,46.1,3.8228500,-92.9,-267.3,2,0
$STAT,2.928,L6E,204,728,46.1,3.8228557,-93.1,-271.7,2,0
$STAT,2.976,L6E,204,740,46.1,3.8228620,-93.0,-276.2,2,0
$STAT,3.024,L6E,204,752,46.3,3.8228684,-92.8,-280.6,2,0
$STAT,3.072,L6E,204,764,46.3,3.8228750,-93.2,-285.1,2,0
$STAT,3.120,L6E,204,776,46.3,3.8228755,-92.9,-289.6,2,0
$STAT,3.168,L6E,204,788,46.3,3.8228761,-92.9,-294.0,2,0
$STAT,3.216,L6E,204,800,46.3,3.8228772,-92.8,-298.5,2,0
$STAT,3.264,L6E,204,812,46.3,3.8228783,-92.8,-302.9,2,0
$STAT,3.312,L6E,204,824,46.3,3.8228798,-92.7,-307.4,2,0
$STAT,3.360,L6E,204,836,46.3,3.8228816,-92.8,-311.8,2,0
$STAT,3.408,L6E,204,848,46.3,3.8228839,-92.9,-316.3,2,0
$STAT,3.456,L6E,204,860,46.3,3.8228863,-92.9,-320.7,2,0
$STAT,3.504,L6E,204,872,46.3,3.8228891,-92.8,-325.2,2,0
$STAT,3.552,L6E,204,884,46.3,3.8228920,-92.7,-329.7,2,0
$STAT,3.600,L6E,204,896,46.3,3.8228954,-92.7,-334.1,2,0
$STAT,3.648,L6E,204,908,46.3,3.8228992,-92.8,-338.6,2,0
$STAT,3.696,L6E,204,920,46.3,3.8229027,-92.7,-343.0,2,0
$STAT,3.744,L6E,204,932,46.3,3.8229066,-92.9,-347.5,2,0
$STAT,3.792,L6E,204,944,46.3,3.8229107,-93.0,-351.9,2,0
$L6FRM,2.784,L6E,204,0,1ACFFC1DCC2183ADD223908C15183C80000013E200028B025A01000245FF0E00000000000000000000000000000000000000000000000000000000000000000000000000000000000000000000000000000000000000000000000000000000000000000000000000000000000000000000000000000000000000000000000000000000000000000000000000000000000000000000000000000000000000000000000000000000000000000000000000000000000000000000000000000000000000000000000000000000000000000000000000000000000000AAD040CF2E830CA7C479DDC0207BD05A2FCC0AE1C188E7A71F76AB715EA6495B
$STAT,3.840,L6E,204,956,46.3,3.8229152,-92.8,-356.4,3,0
$STAT,3.888,L6E,204,968,46.3,3.8229200,-93.0,-360.9,3,0
$STAT,3.936,L6E,204,980,46.3,3.8229250,-92.7,-365.3,3,0
$STAT,3.984,L6E,204,992,46.3,3.8229303,-92.9,-369.8,3,0
$STAT,4.032,L6E,204,1004,46.8,3.8229359,-92.8,-374.2,3,0
$STAT,4.080,L6E,204,1016,46.8,3.8229416,-92.7,-378.7,3,0
$STAT,4.128,L6E,204,1028,46.8,3.8229477,-92.4,-383.1,3,0
$STAT,4.176,L6E,204,1040,46.8,3.8229538,-92.6,-387.6,3,0
$STAT,4.224,L6E,204,1052,46.8,3.8229583,-92.4,-392.0,3,0
$STAT,4.272,L6E,204,1064,46.8,3.8229587,-92.7,-396.5,3,0
$STAT,4.320,L6E,204,1076,46.8,3.8229594,-92.9,-400.9,3,0
$STAT,4.368,L6E,204,1088,46.8,3.8229605,-92.6,-405.4,3,0
$STAT,4.416,L6E,204,1100,46.8,3.8229616,-92.6,-409.8,3,0
$STAT,4.464,L6E,204,1112,46.8,3.8229631,-92.7,-414.2,3,0
$STAT,4.512,L6E,204,1124,46.8,3.8229649,-92.8,-418.7,3,0
$STAT,4.560,L6E,204,1136,46.8,3.8229671,-92.7,-423.1,3,0
$STAT,4.608,L6E,204,1148,46.8,3.8229696,-92.8,-427.6,3,0
$STAT,4.656,L6E,204,1160,46.8,3.8229725,-92.8,-432.0,3,0
$STAT,4.704,L6E,204,1172,46.8,3.8229755,-92.9,-436.5,3,0
$STAT,4.752,L6E,204,1184,46.8,3.8229786,-92.8,-440.9,3,0
$STAT,4.800,L6E,204,1196,46.8,3.8229818,-92.6,-445.4,3,0
$L6FRM,3.784,L6E,204,0,1ACFFC1DCC2183ADE22390981D6F04800000C02009950400D5A87FF8260BFFCAC0DFF8EC8FFF8D611FDFAB93FF8F514003D19800BD51A00D1C1E00C9021FFDC6A2007B127FFC4629FF8E82A0019FB1FFEAC32008FE34000CB3A0026ABDFFFD33E0035041FF6D5010B13FB42500000443FECA30BFB6F01FDA0584FB9490BFC0AD1FF25E047D2806CFF8CB5BFB9C6BBFCBC97FEB15B1FC05D65FDAC24FFBDD9A7EDFEF5FD4272DF91A88000000000000000000000000000000000000000000000000000000000000000000000000000000000000000000000000000F0BFBA9859725E923EE17F936AD014864E469E68ACF82F55BB81C7A0C96D615
$STAT,4.848,L6E,204,1208,46.8,3.8229855,-92.7,-449.8,4,0
$STAT,4.896,L6E,204,1220,46.8,3.8229893,-92.8,-454.3,4,0
$STAT,4.944,L6E,204,1232,46.8,3.8229933,-92.5,-458.7,4,0
$STAT,4.992,L6E,204,1244,46.8,3.8229978,-92.5,-463.2,4,0
$STAT,5.040,L6E,204,1256,47.1,3.8230026,-92.7,-467.6,4,0
$STAT,5.088,L6E,204,1268,47.1,3.8230076,-92.7,-472.1,4,0
$STAT,5.136,L6E,204,1280,47.1,3.8230129,-92.5,-476.5,4,0
$STAT,5.184,L6E,204,1292,47.1,3.8230185,-92.8,-481.0,4,0
$STAT,5.232,L6E,204,1304,47.1,3.8230243,-92.6,-485.4,4,0
$STAT,5.280,L6E,204,1316,47.1,3.8230303,-92.6,-489.9,4,0
$STAT,5.328,L6E,204,1328,47.1,3.8230365,-92.5,-494.3,4,0
$STAT,5.376,L6E,204,1340,47.1,3.8230416,-92.7,-498.8,4,0
$STAT,5.424,L6E,204,1352,47.1,3.8230422,-92.6,-503.2,4,0
$STAT,5.472,L6E,204,1364,47.1,3.8230428,-92.5,-507.7,4,0
$STAT,5.520,L6E,204,1376,47.1,3.8230437,-92.8,-512.1,4,0
$STAT,5.568,L6E,204,1388,47.1,3.8230451,-92.6,-516.6,4,0
$STAT,5.616,L6E,204,1400,47.1,3.8230466,-92.7,-521.0,4,0
$STAT,5.664,L6E,204,1412,47.1,3.8230486,-92.6,-525.5,4,0
$STAT,5.712,L6E,204,1424,47.1,3.8230508,-92.4,-529.9,4,0
$STAT,5.760,L6E,204,1436,47.1,3.8230530,-92.6,-534.3,4,0
$L6FRM,4.784,L6E,204,0,1ACFFC1DCC2183ADE22390A4FCFDE5000004C2207FEE3FCDC4207FF43FF486200020300CC82000283011CA20002E3002CE20001E3001D020003E301A16200020301D1820002A3FF29A207F843FED5C207FFC3FEF5E20002C3FFCE020000C303AE220000A3001E4207FF63FEC66207FCE3FFD28207FF63FD72A2000143FFF2C207FF4300880000000000000000000000000000000000000000000000000000000000000000000000000000000000000000000000000000000000000000000000000000000000000000000000000000000000000000000000000004F96F5AF1DCE8555F2A0FA9411969F413DE10D93FC3A9298E1F02F62078E712B
$STAT,5.808,L6E,204,1448,47.1,3.8230556,-92.5,-538.8,5,0
$STAT,5.856,L6E,204,1460,47.1,3.8230584,-92.4,-543.2,5,0
$STAT,5.904,L6E,204,1472,47.1,3.8230613,-92.3,-547.7,5,0
$STAT,5.952,L6E,204,1484,47.1,3.8230645,-92.6,-552.1,5,0
$STAT,6.000,L6E,204,1496,47.1,3.8230681,-92.7,-556.6,5,0
$STAT,6.048,L6E,204,1508,47.2,3.8230722,-92.6,-561.0,5,0
$STAT,6.096,L6E,204,1520,47.2,3.8230766,-92.7,-565.4,5,0
$STAT,6.144,L6E,204,1532,47.2,3.8230810,-92.5,-569.9,5,0
$STAT,6.192,L6E,204,1544,47.2,3.8230858,-92.7,-574.3,5,0
$STAT,6.240,L6E,204,1556,47.2,3.8230908,-92.4,-578.8,5,0
$STAT,6.288,L6E,204,1568,47.2,3.8230961,-92.8,-583.2,5,0
$STAT,6.336,L6E,204,1580,47.2,3.8231018,-92.5,-587.6,5,0
$STAT,6.384,L6E,204,1592,47.2,3.8231075,-92.4,-592.1,5,0
$STAT,6.432,L6E,204,1604,47.2,3.8231136,-92.7,-596.5,5,0
$STAT,6.480,L6E,204,1616,47.2,3.8231199,-92.5,-601.0,5,0
$STAT,6.528,L6E,204,1628,47.2,3.8231249,-92.4,-605.4,5,0
$STAT,6.576,L6E,204,1640,47.2,3.8231253,-92.6,-609.8,5,0
$STAT,6.624,L6E,204,1652,47.2,3.8231260,-92.5,-614.3,5,0
$STAT,6.672,L6E,204,1664,47.2,3.8231269,-92.4,-618.7,5,0
$STAT,6.720,L6E,204,1676,47.2,3.8231280,-92.4,-623.2,5,0
$STAT,6.768,L6E,204,1688,47.2,3.8231295,-92.4,-627.6,5,0
$L6FRM,5.784,L6E,204,0,1ACFFC1DCC2183ADF22390981D6F84800000C020099A8400D3D87FF82A0BFFCC50DFF8E28FFF8E611FDFAF13FF8FE14003CD9800BBC9A00D1E1E00C7921FFDCE22007B9A7FFC5929FF8EE2A0019531FFEB032008F7B4000CBBA00267BDFFFD0BE00353C1FF6D5010B13FB82500000443FECB90BFB6DA1FDA0104FB93F0BFC0961FF268247D28C2CFF8DA9BFB9E6BBFCBE17FEB0B11FC078A5FDADD4FFBDAEA7EDFE55FD4306DF919E000000000000000000000000000000000000000000000000000000000000000000000000000000000000000000000000000DB21E4984B5ACE0DF889D03B35C7B57C8348236AD19473FCBD6288E1F1871B3F
$STAT,6.816,L6E,204,1700,47.2,3.8231312,-92.4,-632.0,6,0
$STAT,6.864,L6E,204,1712,47.2,3.8231333,-92.5,-636.5,6,0
$STAT,6.912,L6E,204,1724,47.2,3.8231355,-92.6,-640.9,6,0
$STAT,6.960,L6E,204,1736,47.2,3.8231383,-92.4,-645.3,6,0
$STAT,7.008,L6E,204,1748,47.2,3.8231414,-92.4,-649.8,6,0
$STAT,7.056,L6E,204,1760,47.2,3.8231445,-92.3,-654.2,6,0
$STAT,7.104,L6E,204,1772,47.2,3.8231480,-92.3,-658.6,6,0
$STAT,7.152,L6E,204,1784,47.2,3.8231517,-92.4,-663.1,6,0
$STAT,7.200,L6E,204,1796,47.2,3.8231556,-92.1,-667.5,6,0
$STAT,7.248,L6E,204,1808,47.2,3.8231600,-92.3,-671.9,6,0
$STAT,7.296,L6E,204,1820,47.2,3.8231646,-92.4,-676.4,6,0
$STAT,7.344,L6E,204,1832,47.2,3.8231695,-92.4,-680.8,6,0
$STAT,7.392,L6E,204,1844,47.2,3.8231749,-92.5,-685.2,6,0
$STAT,7.440,L6E,204,1856,47.2,3.8231803,-92.3,-689.7,6,0
$STAT,7.488,L6E,204,1868,47.2,3.8231863,-92.3,-694.1,6,0
$STAT,7.536,L6E,204,1880,47.2,3.8231921,-92.3,-698.5,6,0
$STAT,7.584,L6E,204,1892,47.2,3.8231983,-92.3,-703.0,6,0
$STAT,7.632,L6E,204,1904,47.2,3.8232047,-92.4,-707.4,6,0
$STAT,7.680,L6E,204,1916,47.2,3.8232087,-92.5,-711.8,6,0
$STAT,7.728,L6E,204,1928,47.2,3.8232092,-92.4,-716.3,6,0
$STAT,7.776,L6E,204,1940,47.2,3.8232097,-92.1,-720.7,6,0
$L6FRM,6.784,L6E,204,0,1ACFFC1DCC2183ADF2238000000000000000000000000000000000000000000000000000000000000000000000000000000000000000000000000000000000000000000000000000000000000000000000000000000000000000000000000000000000000000000000000000000000000000000000000000000000000000000000000000000000000000000000000000000000000000000000000000000000000000000000000000000000000000000000000000000000000000000000000000000000000000000000000000000000000000000000000000000048F4EFFAD7B399BF008958FE0A663CAAD4D98092D07E967B482F817D1A9F3CB5
$STAT,7.824,L6E,204,1952,47.2,3.8232107,-92.3,-725.1,7,0
$STAT,7.872,L6E,204,1964,47.2,3.8232117,-92.3,-729.5,7,0
$STAT,7.920,L6E,204,1976,47.2,3.8232131,-92.4,-734.0,7,0
$STAT,7.968,L6E,204,1988,47.2,3.8232147,-92.4,-738.4,7,0
$STAT,8.016,L6E,204,2000,46.9,3.8232166,-92.3,-742.8,7,0
$STAT,8.064,L6E,204,2012,46.9,3.8232188,-92.4,-747.3,7,0
$STAT,8.112,L6E,204,2024,46.9,3.8232214,-92.1,-751.7,7,0
$STAT,8.160,L6E,204,2036,46.9,3.8232241,-92.4,-756.1,7,0
$STAT,8.208,L6E,204,2048,46.9,3.8232274,-92.3,-760.5,7,0
$STAT,8.256,L6E,204,2060,46.9,3.8232308,-92.2,-765.0,7,0
$STAT,8.304,L6E,204,2072,46.9,3.8232344,-92.3,-769.4,7,0
$STAT,8.352,L6E,204,2084,46.9,3.8232383,-92.1,-773.8,7,0
$STAT,8.400,L6E,204,2096,46.9,3.8232422,-92.0,-778.2,7,0
$STAT,8.448,L6E,204,2108,46.9,3.8232465,-92.2,-782.7,7,0
$STAT,8.496,L6E,204,2120,46.9,3.8232515,-92.1,-787.1,7,0
$STAT,8.544,L6E,204,2132,46.9,3.8232567,-92.3,-791.5,7,0
$STAT,8.592,L6E,204,2144,46.9,3.8232622,-92.1,-795.9,7,0
$STAT,8.640,L6E,204,2156,46.9,3.8232678,-92.4,-800.4,7,0
$STAT,8.688,L6E,204,2168,46.9,3.8232737,-92.2,-804.8,7,0
$STAT,8.736,L6E,204,2180,46.9,3.8232798,-92.1,-809.2,7,0
$STAT,8.784,L6E,204,2192,46.9,3.8232862,-92.2,-813.6,7,0
$L6FRM,7.784,L6E,204,0,1ACFFC1DCC2183AE022390981D7004800000C02009950400D2D87FF8248BFFCD20DFF8E70FFF8F591FDF9013FF8FC14003CE9800BA61A00D221E00C7021FFDDA22007C2A7FFC6BA9FF8F72A0018FB1FFEB7320090034000C4BA002623DFFFD1BE0035CC1FF6D2810B13FBC2500000443FECE58BFB7471FDA0684FB92F8BFC0689FF26D047D28D6CFF8E51BFBA23BBFCC007FEB0551FC07965FDB09CFFBD8DA7EDFAF5FD42F2DF919480000000000000000000000000000000000000000000000000000000000000000000000000000000000000000000000000015D1EB50DACC40F447C8237A3486781858C5A14C8C9B3BDC24128B7B38B50B76
$STAT,8.832,L6E,204,2204,46.9,3.8232918,-92.0,-818.1,8,0
$STAT,8.880,L6E,204,2216,46.9,3.8232923,-92.2,-822.5,8,0
$STAT,8.928,L6E,204,2228,46.9,3.8232930,-92.2,-826.9,8,0
$STAT,8.976,L6E,204,2240,46.9,3.8232939,-92.1,-831.3,8,0
$STAT,9.024,L6E,204,2252,46.5,3.8232952,-92.2,-835.7,8,0
$STAT,9.072,L6E,204,2264,46.5,3.8232970,-92.0,-840.2,8,0
$STAT,9.120,L6E,204,2276,46.5,3.8232985,-92.0,-844.6,8,0
$STAT,9.168,L6E,204,2288,46.5,3.8233004,-92.2,-849.0,8,0
$STAT,9.216,L6E,204,2300,46.5,3.8233028,-92.0,-853.4,8,0
$STAT,9.264,L6E,204,2312,46.5,3.8233054,-92.1,-857.8,8,0
$STAT,9.312,L6E,204,2324,46.5,3.8233083,-92.1,-862.3,8,0
$STAT,9.360,L6E,204,2336,46.5,3.8233115,-91.8,-866.7,8,0
$STAT,9.408,L6E,204,2348,46.5,3.8233150,-91.9,-871.1,8,0
$STAT,9.456,L6E,204,2360,46.5,3.8233187,-92.2,-875.5,8,0
$STAT,9.504,L6E,204,2372,46.5,3.8233229,-92.0,-879.9,8,0
$STAT,9.552,L6E,204,2384,46.5,3.8233271,-92.0,-884.3,8,0
$STAT,9.600,L6E,204,2396,46.5,3.8233318,-92.0,-888.7,8,0
$STAT,9.648,L6E,204,2408,46.5,3.8233367,-92.1,-893.2,8,0
$STAT,9.696,L6E,204,2420,46.5,3.8233415,-91.9,-897.6,8,0
$STAT,9.744,L6E,204,2432,46.5,3.8233467,-92.0,-902.0,8,0
$STAT,9.792,L6E,204,2444,46.5,3.8233523,-92.0,-906.4,8,0
$L6FRM,8.784,L6E,204,0,1ACFFC1DCC2183AE0223800000000000000000000000000000000000000000000000000000000000000000000000000000000000000000000000000000000000000000000000000000000000000000000000000000000000000000000000000000000000000000000000000000000000000000000000000000000000000000000000000000000000000000000000000000000000000000000000000000000000000000000000000000000000000000000000000000000000000000000000000000000000000000000000000000000000000000000000000000009510E1A72B6BD42419E6C3406BCBA13B37A1155501DAB8BB916FB8FEF56582A2
$STAT,9.840,L6E,204,2456,46.5,3.8233580,-92.0,-910.8,9,0
$STAT,9.888,L6E,204,2468,46.5,3.8233640,-92.1,-915.2,9,0
$STAT,9.936,L6E,204,2480,46.5,3.8233700,-91.9,-919.6,9,0
$STAT,9.984,L6E,204,2492,46.5,3.8233748,-92.0,-924.1,9,0
$STAT,10.032,L6E,204,2504,46.6,3.8233752,-92.3,-928.5,9,0
$STAT,10.080,L6E,204,2516,46.6,3.8233759,-92.2,-932.9,9,0
$STAT,10.128,L6E,204,2528,46.6,3.8233769,-91.9,-937.3,9,0
$STAT,10.176,L6E,204,2540,46.6,3.8233779,-92.0,-941.7,9,0
$STAT,10.224,L6E,204,2552,46.6,3.8233792,-91.8,-946.1,9,0
$STAT,10.272,L6E,204,2564,46.6,3.8233808,-91.9,-950.6,9,0
$STAT,10.320,L6E,204,2576,46.6,3.8233826,-92.0,-955.0,9,0
$STAT,10.368,L6E,204,2588,46.6,3.8233847,-91.8,-959.4,9,0
$STAT,10.416,L6E,204,2600,46.6,3.8233871,-92.0,-963.8,9,0
$STAT,10.464,L6E,204,2612,46.6,3.8233899,-91.9,-968.2,9,0
$STAT,10.512,L6E,204,2624,46.6,3.8233929,-92.0,-972.6,9,0
$STAT,10.560,L6E,204,2636,46.6,3.8233961,-92.0,-977.0,9,0
$STAT,10.608,L6E,204,2648,46.6,3.8233999,-91.9,-981.4,9,0
$STAT,10.656,L6E,204,2660,46.6,3.8234038,-92.0,-985.8,9,0
$STAT,10.704,L6E,204,2672,46.6,3.8234078,-92.0,-990.3,9,0
$STAT,10.752,L6E,204,2684,46.6,3.8234122,-91.8,-994.7,9,0
$STAT,10.800,L6E,204,2696,46.6,3.8234169,-92.0,-999.1,9,0
$L6FRM,9.784,L6E,204,0,1ACFFC1DCC2183AE122390981D7084800000C02009940400D2287FF8218BFFCC08DFF8E50FFF90C11FDF7513FF8F894003D29800B8A9A00D261E00C6321FFDF122007D3A7FFC7CA9FF8FD2A0019E31FFEB3B2008F4B4000C5BA0026E3DFFFC6BE00367C1FF6D2810B13FC02500000443FECE40BFB79B1FDA0704FB9260BFC0789FF26E647D27E6CFF8E79BFBA21BBFCC207FEB0191FC090E5FDB1ACFFBD94A7EDFF75FD42EEDF91A7000000000000000000000000000000000000000000000000000000000000000000000000000000000000000000000000000F9A9160E322A4C96E3E9B230716310C7C7B5014C2178D16BB1B5A7DC6C58DCE9
$STAT,10.848,L6E,204,2708,46.6,3.8234219,-91.9,-1003.5,10,0
$STAT,10.896,L6E,204,2720,46.6,3.8234272,-91.8,-1007.9,10,0
$STAT,10.944,L6E,204,2732,46.6,3.8234324,-91.8,-1012.3,10,0
$STAT,10.992,L6E,204,2744,46.6,3.8234382,-92.0,-1016.7,10,0
$STAT,11.040,L6E,204,2756,46.7,3.8234444,-92.0,-1021.1,10,0
$STAT,11.088,L6E,204,2768,46.7,3.8234505,-92.0,-1025.5,10,0
$STAT,11.136,L6E,204,2780,46.7,3.8234570,-92.0,-1029.9,10,0
$STAT,11.184,L6E,204,2792,46.7,3.8234585,-91.9,-1034.4,10,0
$STAT,11.232,L6E,204,2804,46.7,3.8234588,-91.8,-1038.8,10,0
$STAT,11.280,L6E,204,2816,46.7,3.8234598,-91.9,-1043.2,10,0
$STAT,11.328,L6E,204,2828,46.7,3.8234609,-91.8,-1047.6,10,0
$STAT,11.376,L6E,204,2840,46.7,3.8234628,-91.9,-1052.0,10,0
$STAT,11.424,L6E,204,2852,46.7,3.8234643,-91.8,-1056.4,10,0
$STAT,11.472,L6E,204,2864,46.7,3.8234663,-91.8,-1060.8,10,0
$STAT,11.520,L6E,204,2876,46.7,3.8234682,-91.9,-1065.2,10,0
$STAT,11.568,L6E,204,2888,46.7,3.8234707,-91.9,-1069.6,10,0
$STAT,11.616,L6E,204,2900,46.7,3.8234733,-91.9,-1074.0,10,0
$STAT,11.664,L6E,204,2912,46.7,3.8234764,-91.8,-1078.5,10,0
$STAT,11.712,L6E,204,2924,46.7,3.8234794,-91.8,-1082.9,10,0
$STAT,11.760,L6E,204,2936,46.7,3.8234830,-91.9,-1087.3,10,0
$L6FRM,10.784,L6E,204,0,1ACFFC1DCC2183AE122380000000000000000000000000000000000000000000000000000000000000000000000000000000000000000000000000000000000000000000000000000000000000000000000000000000000000000000000000000000000000000000000000000000000000000000000000000000000000000000000000000000000000000000000000000000000000000000000000000000000000000000000000000000000000000000000000000000000000000000000000000000000000000000000000000000000000000000000000000000A0ECF657BE9DA1AD43F106912479DEC7CF0BF2FD697137B86C8852A7FB0231EE
$STAT,11.808,L6E,204,2948,46.7,3.8234868,-91.7,-1091.7,11,0
$STAT,11.856,L6E,204,2960,46.7,3.8234909,-91.9,-1096.1,11,0
$STAT,11.904,L6E,204,2972,46.7,3.8234951,-91.7,-1100.5,11,0
$STAT,11.952,L6E,204,2984,46.7,3.8234997,-92.1,-1104.9,11,0
$STAT,12.000,L6E,204,2996,46.7,3.8235046,-91.9,-1109.3,11,0
$STAT,12.048,L6E,204,3008,46.6,3.8235098,-91.9,-1113.8,11,0
$STAT,12.096,L6E,204,3020,46.6,3.8235153,-92.0,-1118.2,11,0
$STAT,12.144,L6E,204,3032,46.6,3.8235208,-91.7,-1122.6,11,0
$STAT,12.192,L6E,204,3044,46.6,3.8235265,-92.1,-1127.0,11,0
$STAT,12.240,L6E,204,3056,46.6,3.8235327,-92.1,-1131.4,11,0
$STAT,12.288,L6E,204,3068,46.6,3.8235393,-92.0,-1135.8,11,0
$STAT,12.336,L6E,204,3080,46.6,3.8235421,-91.9,-1140.2,11,0
$STAT,12.384,L6E,204,3092,46.6,3.8235423,-91.8,-1144.6,11,0
$STAT,12.432,L6E,204,3104,46.6,3.8235435,-91.9,-1149.0,11,0
$STAT,12.480,L6E,204,3116,46.6,3.8235445,-92.0,-1153.4,11,0
$STAT,12.528,L6E,204,3128,46.6,3.8235459,-91.8,-1157.8,11,0
$STAT,12.576,L6E,204,3140,46.6,3.8235476,-91.6,-1162.2,11,0
$STAT,12.624,L6E,204,3152,46.6,3.8235493,-91.7,-1166.7,11,0
$STAT,12.672,L6E,204,3164,46.6,3.8235513,-91.6,-1171.1,11,0
$STAT,12.720,L6E,204,3176,46.6,3.8235537,-91.7,-1175.5,11,0
$STAT,12.768,L6E,204,3188,46.6,3.8235563,-91.7,-1179.9,11,0
$L6FRM,11.784,L6E,204,0,1ACFFC1DCC2183AE222390981D7104800000C02009908400D2007FF8270BFFCAD8DFF8EB0FFF91B11FDF4F93FF8F894003CE9800B761A00D339E00C53A1FFDFB22007DDA7FFC8629FF900AA001A1B1FFEBAB2008FAB4000C03A00278BDFFFC63E00370C1FF6D3010B13FC42500000443FECE20BFB7C11FDA07A4FB92F4BFC0611FF273747D2834CFF8DE5BFB9F6BBFCC767FEB0AF1FC093E5FDAF14FFBDB9A7EE0295FD42B6DF919C8000000000000000000000000000000000000000000000000000000000000000000000000000000000000000000000000009BFD23F9CD2B39CBD84227EA8D9FD27790D227C7529CC533CC09483D3197D3D4
$STAT,12.816,L6E,204,3200,46.6,3.8235591,-91.8,-1184.3,12,0
$STAT,12.864,L6E,204,3212,46.6,3.8235622,-91.7,-1188.7,12,0
$STAT,12.912,L6E,204,3224,46.6,3.8235658,-91.7,-1193.1,12,0
$STAT,12.960,L6E,204,3236,46.6,3.8235696,-91.7,-1197.5,12,0
$STAT,13.008,L6E,204,3248,46.6,3.8235738,-91.6,-1201.9,12,0
$STAT,13.056,L6E,204,3260,46.6,3.8235781,-91.8,-1206.3,12,0
$STAT,13.104,L6E,204,3272,46.6,3.8235826,-91.8,-1210.7,12,0
$STAT,13.152,L6E,204,3284,46.6,3.8235875,-91.7,-1215.1,12,0
$STAT,13.200,L6E,204,3296,46.6,3.8235926,-91.6,-1219.5,12,0
$STAT,13.248,L6E,204,3308,46.6,3.8235980,-91.8,-1223.9,12,0
$STAT,13.296,L6E,204,3320,46.6,3.8236039,-91.7,-1228.3,12,0
$STAT,13.344,L6E,204,3332,46.6,3.8236100,-91.7,-1232.7,12,0
$STAT,13.392,L6E,204,3344,46.6,3.8236162,-91.7,-1237.1,12,0
$STAT,13.440,L6E,204,3356,46.6,3.8236229,-91.7,-1241.5,12,0
$STAT,13.488,L6E,204,3368,46.6,3.8236256,-91.6,-1245.9,12,0
$STAT,13.536,L6E,204,3380,46.6,3.8236264,-91.9,-1250.3,12,0
$STAT,13.584,L6E,204,3392,46.6,3.8236273,-91.6,-1254.7,12,0
$STAT,13.632,L6E,204,3404,46.6,3.8236284,-91.5,-1259.1,12,0
$STAT,13.680,L6E,204,3416,46.6,3.8236297,-91.7,-1263.5,12,0
$STAT,13.728,L6E,204,3428,46.6,3.8236311,-91.4,-1267.9,12,0
$STAT,13.776,L6E,204,3440,46.6,3.8236330,-91.6,-1272.3,12,0
$L6FRM,12.784,L6E,204,0,1ACFFC1DCC2183AE2223800000000000000000000000000000000000000000000000000000000000000000000000000000000000000000000000000000000000000000000000000000000000000000000000000000000000000000000000000000000000000000000000000000000000000000000000000000000000000000000000000000000000000000000000000000000000000000000000000000000000000000000000000000000000000000000000000000000000000000000000000000000000000000000000000000000000000000000000000000003D63B18CB16C45C674B6402BB23D44488CE76EF7B4C07603BE14C72B493028C3
$STAT,13.824,L6E,204,3452,46.6,3.8236349,-91.4,-1276.7,13,0
$STAT,13.872,L6E,204,3464,46.6,3.8236373,-91.6,-1281.1,13,0
$STAT,13.920,L6E,204,3476,46.6,3.8236398,-91.7,-1285.5,13,0
$STAT,13.968,L6E,204,3488,46.6,3.8236425,-91.6,-1289.9,13,0
$STAT,14.016,L6E,204,3500,46.6,3.8236453,-91.5,-1294.3,13,0
$STAT,14.064,L6E,204,3512,46.6,3.8236488,-91.6,-1298.7,13,0
$STAT,14.112,L6E,204,3524,46.6,3.8236526,-91.5,-1303.1,13,0
$STAT,14.160,L6E,204,3536,46.6,3.8236567,-91.6,-1307.5,13,0
$STAT,14.208,L6E,204,3548,46.6,3.8236609,-91.3,-1311.9,13,0
$STAT,14.256,L6E,204,3560,46.6,3.8236653,-91.5,-1316.3,13,0
$STAT,14.304,L6E,204,3572,46.6,3.8236701,-91.5,-1320.7,13,0
$STAT,14.352,L6E,204,3584,46.6,3.8236752,-91.5,-1325.0,13,0
$STAT,14.400,L6E,204,3596,46.6,3.8236804,-91.5,-1329.4,13,0
$STAT,14.448,L6E,204,3608,46.6,3.8236861,-91.7,-1333.8,13,0
$STAT,14.496,L6E,204,3620,46.6,3.8236920,-91.6,-1338.2,13,0
$STAT,14.544,L6E,204,3632,46.6,3.8236983,-91.6,-1342.6,13,0
$STAT,14.592,L6E,204,3644,46.6,3.8237047,-91.4,-1347.0,13,0
$STAT,14.640,L6E,204,3656,46.6,3.8237085,-91.8,-1351.4,13,0
$STAT,14.688,L6E,204,3668,46.6,3.8237088,-91.5,-1355.8,13,0
$STAT,14.736,L6E,204,3680,46.6,3.8237095,-91.7,-1360.2,13,0
$STAT,14.784,L6E,204,3692,46.6,3.8237105,-91.6,-1364.6,13,0
$L6FRM,13.784,L6E,204,0,1ACFFC1DCC2183AE322390981D7184800000C020098F0400D1907FF8200BFFCB40DFF8E88FFF92911FDF3013FF8FC14003CF9800B631A00D349E00C49A1FFE12A2007E4A7FFC80A9FF902AA001AC31FFEB532008FA34000C4BA002853DFFFC63E00372C1FF6D4810B13FC82500000443FECE38BFB73B1FDA0B24FB9460BFC05A9FF275247D2928CFF8D89BFB9CF3BFCC607FEB0291FC085A5FDAB54FFBDB2A7EE0875FD4346DF9186000000000000000000000000000000000000000000000000000000000000000000000000000000000000000000000000000FCAAC6272DF68CBD840BB29B4715D689E25DAED4D8484B9586D09CD1459CAC0F
$STAT,14.832,L6E,204,3704,46.6,3.8237116,-91.6,-1369.0,14,0
$STAT,14.880,L6E,204,3716,46.6,3.8237129,-91.6,-1373.4,14,0
$STAT,14.928,L6E,204,3728,46.6,3.8237145,-91.5,-1377.8,14,0
$STAT,14.976,L6E,204,3740,46.6,3.8237164,-91.6,-1382.2,14,0
$STAT,15.024,L6E,204,3752,46.6,3.8237188,-91.5,-1386.6,14,0
$STAT,15.072,L6E,204,3764,46.6,3.8237212,-91.5,-1391.0,14,0
$STAT,15.120,L6E,204,3776,46.6,3.8237241,-91.7,-1395.4,14,0
$STAT,15.168,L6E,204,3788,46.6,3.8237270,-91.3,-1399.8,14,0
$STAT,15.216,L6E,204,3800,46.6,3.8237301,-91.6,-1404.2,14,0
$STAT,15.264,L6E,204,3812,46.6,3.8237338,-91.6,-1408.6,14,0
$STAT,15.312,L6E,204,3824,46.6,3.8237375,-91.5,-1413.0,14,0
$STAT,15.360,L6E,204,3836,46.6,3.8237417,-91.6,-1417.3,14,0
$STAT,15.408,L6E,204,3848,46.6,3.8237457,-91.5,-1421.7,14,0
$STAT,15.456,L6E,204,3860,46.6,3.8237501,-91.6,-1426.1,14,0
$STAT,15.504,L6E,204,3872,46.6,3.8237551,-91.5,-1430.5,14,0
$STAT,15.552,L6E,204,3884,46.6,3.8237603,-91.4,-1434.9,14,0
$STAT,15.600,L6E,204,3896,46.6,3.8237660,-91.5,-1439.3,14,0
$STAT,15.648,L6E,204,3908,46.6,3.8237717,-91.4,-1443.7,14,0
$STAT,15.696,L6E,204,3920,46.6,3.8237776,-91.6,-1448.1,14,0
$STAT,15.744,L6E,204,3932,46.6,3.8237839,-91.5,-1452.5,14,0
$STAT,15.792,L6E,204,3944,46.6,3.8237902,-91.6,-1456.9,14,0
$L6FRM,14.784,L6E,204,0,1ACFFC1DCC2183AE322390841D71965000002016CFFB56805DAC002B7FFCA7FFFE8002F84C80019E7F22BFF7D40001DBFFB7FFFC40CFFFED9301A5601455FFEEF8000E00072291000E12017F5FFAF3FFED70005DFFE8C60B00070BFE63C003A7FFEFBFFE67FFEA8E5C000D2FFDE100007FFFE83FFDE7FFC6216400581FFB15005FFFFFF9FFFD0FFFDA492FFF16201491FF687FFEA400021FFEE410941D7196A0000040248448648A48C48E490492480000000000000000000000000000000000000000000000000000000000000000000000000000000000000076B7E5D0DA63DF9A31FA15F87EC1B9AD5CE326302BB30C6DA365225205FAA808
$STAT,15.840,L6E,204,3956,46.6,3.8237918,-91.5,-1461.3,15,0
$STAT,15.888,L6E,204,3968,46.6,3.8237923,-91.4,-1465.7,15,0
$STAT,15.936,L6E,204,3980,46.6,3.8237931,-91.3,-1470.1,15,0
$STAT,15.984,L6E,204,3992,46.6,3.8237941,-91.5,-1474.5,15,0
$STAT,16.032,L6E,204,4004,46.4,3.8237954,-91.5,-1478.9,15,0
$STAT,16.080,L6E,204,4016,46.4,3.8237971,-91.3,-1483.2,15,0
$STAT,16.128,L6E,204,4028,46.4,3.8237990,-91.5,-1487.6,15,0
$STAT,16.176,L6E,204,4040,46.4,3.8238009,-91.6,-1492.0,15,0
$STAT,16.224,L6E,204,4052,46.4,3.8238034,-91.7,-1496.4,15,0
$STAT,16.272,L6E,204,4064,46.4,3.8238059,-91.4,-1500.8,15,0
$STAT,16.320,L6E,204,4076,46.4,3.8238089,-91.5,-1505.2,15,0
$STAT,16.368,L6E,204,4088,46.4,3.8238121,-91.3,-1509.6,15,0
$STAT,16.416,L6E,204,4100,46.4,3.8238154,-91.1,-1514.0,15,0
$STAT,16.464,L6E,204,4112,46.4,3.8238191,-91.4,-1518.3,15,0
$STAT,16.512,L6E,204,4124,46.4,3.8238233,-91.4,-1522.7,15,0
$STAT,16.560,L6E,204,4136,46.4,3.8238276,-91.3,-1527.1,15,0
$STAT,16.608,L6E,204,4148,46.4,3.8238323,-91.3,-1531.5,15,0
$STAT,16.656,L6E,204,4160,46.4,3.8238372,-91.7,-1535.9,15,0
$STAT,16.704,L6E,204,4172,46.4,3.8238421,-91.5,-1540.3,15,0
$STAT,16.752,L6E,204,4184,46.4,3.8238475,-91.4,-1544.7,15,0
$STAT,16.800,L6E,204,4196,46.4,3.8238533,-91.3,-1549.0,15,0
$L6FRM,15.784,L6E,204,0,1ACFFC1DCC2183AE422390981D7204800000C020098E8400D1107FF81C0BFFCAF0DFF8E88FFF94211FDF1C13FF8FA14003C91800B401A00D411E00C3EA1FFE1B22007DDA7FFC8629FF90CAA001B5B1FFEB1B2008FB34000CB3A002933DFFFC6BE0037F41FF6D3010B13FCC2500000443FECFE8BFB6391FD9FE44FB936CBFC0451FF271547D288CCFF8E69BFB9AFBBFCC047FEB00F1FC08365FDAA5CFFBDC3A7EE0A15FD42AEDF915980000000000000000000000000000000000000000000000000000000000000000000000000000000000000000000000000029682BDC8C7566E69C936344C6DF8856942AD92045FC7F96832B349D972D75AA
$STAT,16.848,L6E,204,4208,46.4,3.8238591,-91.5,-1553.4,16,0
$STAT,16.896,L6E,204,4220,46.4,3.8238649,-91.3,-1557.8,16,0
$STAT,16.944,L6E,204,4232,46.4,3.8238713,-91.3,-1562.2,16,0
$STAT,16.992,L6E,204,4244,46.4,3.8238753,-91.4,-1566.6,16,0
$STAT,17.040,L6E,204,4256,46.5,3.8238759,-91.2,-1571.0,16,0
$STAT,17.088,L6E,204,4268,46.5,3.8238765,-91.5,-1575.3,16,0
$STAT,17.136,L6E,204,4280,46.5,3.8238773,-91.2,-1579.7,16,0
$STAT,17.184,L6E,204,4292,46.5,3.8238788,-91.3,-1584.1,16,0
$STAT,17.232,L6E,204,4304,46.5,3.8238802,-91.3,-1588.5,16,0
$STAT,17.280,L6E,204,4316,46.5,3.8238819,-91.4,-1592.9,16,0
$STAT,17.328,L6E,204,4328,46.5,3.8238841,-91.4,-1597.3,16,0
$STAT,17.376,L6E,204,4340,46.5,3.8238866,-91.1,-1601.7,16,0
$STAT,17.424,L6E,204,4352,46.5,3.8238893,-91.3,-1606.0,16,0
$STAT,17.472,L6E,204,4364,46.5,3.8238921,-91.4,-1610.4,16,0
$STAT,17.520,L6E,204,4376,46.5,3.8238953,-91.1,-1614.8,16,0
$STAT,17.568,L6E,204,4388,46.5,3.8238990,-91.1,-1619.2,16,0
$STAT,17.616,L6E,204,4400,46.5,3.8239026,-91.4,-1623.5,16,0
$STAT,17.664,L6E,204,4412,46.5,3.8239066,-91.2,-1627.9,16,0
$STAT,17.712,L6E,204,4424,46.5,3.8239110,-91.1,-1632.3,16,0
$STAT,17.760,L6E,204,4436,46.5,3.8239155,-91.1,-1636.7,16,0
$L6FRM,16.784,L6E,204,0,1ACFFC1DCC2183AE422390841D719650000020A5F000283FFEFBFFDC7FFFA200014001918700004580914004BCFFF9C7FFF68002634F7FF9790117DFF931FFF2880031FFF807ABFFF68C00F33FF311FFED5000140003500F000C77FDF4C0047BFFFB60005BFFDAA2140026F7FD857FCBCFFFDE7FFDE800204D24008D1FF73BFFD80FFFF57FF8500000A228008940032FFFE0DFFF6CFFFE7FFF2810941D7196A0000041449849A51E5204A24A64A84800000000000000000000000000000000000000000000000000000000000000000000000000000000000000B2AE0C62BAFA2DD5D3865F2754458CAFF2C63760920B9F5670F9E48BE847F3A4
$STAT,17.808,L6E,204,4448,46.5,3.8239202,-91.2,-1641.1,17,0
$STAT,17.856,L6E,204,4460,46.5,3.8239251,-91.3,-1645.5,17,0
$STAT,17.904,L6E,204,4472,46.5,3.8239305,-91.5,-1649.8,17,0
$STAT,17.952,L6E,204,4484,46.5,3.8239360,-91.4,-1654.2,17,0
$STAT,18.000,L6E,204,4496,46.5,3.8239415,-91.4,-1658.6,17,0
$STAT,18.048,L6E,204,4508,46.7,3.8239478,-91.2,-1663.0,17,0
$STAT,18.096,L6E,204,4520,46.7,3.8239541,-91.3,-1667.4,17,0
$STAT,18.144,L6E,204,4532,46.7,3.8239584,-91.5,-1671.8,17,0
$STAT,18.192,L6E,204,4544,46.7,3.8239586,-91.2,-1676.1,17,0
$STAT,18.240,L6E,204,4556,46.7,3.8239592,-91.4,-1680.5,17,0
$STAT,18.288,L6E,204,4568,46.7,3.8239603,-91.4,-1684.9,17,0
$STAT,18.336,L6E,204,4580,46.7,3.8239615,-91.0,-1689.3,17,0
$STAT,18.384,L6E,204,4592,46.7,3.8239628,-91.4,-1693.7,17,0
$STAT,18.432,L6E,204,4604,46.7,3.8239644,-91.3,-1698.0,17,0
$STAT,18.480,L6E,204,4616,46.7,3.8239664,-91.1,-1702.4,17,0
$STAT,18.528,L6E,204,4628,46.7,3.8239687,-91.3,-1706.8,17,0
$STAT,18.576,L6E,204,4640,46.7,3.8239710,-91.2,-1711.2,17,0
$STAT,18.624,L6E,204,4652,46.7,3.8239741,-91.4,-1715.6,17,0
$STAT,18.672,L6E,204,4664,46.7,3.8239772,-91.1,-1719.9,17,0
$STAT,18.720,L6E,204,4676,46.7,3.8239805,-91.2,-1724.3,17,0
$STAT,18.768,L6E,204,4688,46.7,3.8239839,-91.1,-1728.7,17,0
$L6FRM,17.784,L6E,204,0,1ACFFC1DCC2183AE522390981D7284800000C020098E0400D0E07FF8268BFFCA58DFF8EB8FFF95911FDF0513FF8FF94003C91800B241A00D411E00C36A1FFE1E22007CF27FFC83A9FF91E2A001C0B1FFEA8B2008FC34000C83A002943DFFFCEBE0038BC1FF6D8010B13FD02500000443FED090BFB5E01FD9EDA4FB9258BFC01C9FF26CD47D2734CFF8FB9BFB9BB3BFCC327FEB1111FC084A5FDAAFCFFBDA8A7EE0A95FD42FEDF9166000000000000000000000000000000000000000000000000000000000000000000000000000000000000000000000000000BFE844DF14FDE680BBAA19FB5205F807EFD650DD22161BDE289951B84F959EB2
$STAT,18.816,L6E,204,4700,46.7,3.8239879,-91.1,-1733.1,18,0
$STAT,18.864,L6E,204,4712,46.7,3.8239921,-91.2,-1737.5,18,0
$STAT,18.912,L6E,204,4724,46.7,3.8239963,-91.2,-1741.8,18,0
$STAT,18.960,L6E,204,4736,46.7,3.8240010,-91.3,-1746.2,18,0
$STAT,19.008,L6E,204,4748,46.7,3.8240061,-91.4,-1750.6,18,0
$STAT,19.056,L6E,204,4760,46.9,3.8240112,-91.3,-1755.0,18,0
$STAT,19.104,L6E,204,4772,46.9,3.8240167,-91.1,-1759.3,18,0
$STAT,19.152,L6E,204,4784,46.9,3.8240225,-91.2,-1763.7,18,0
$STAT,19.200,L6E,204,4796,46.9,3.8240284,-91.0,-1768.1,18,0
$STAT,19.248,L6E,204,4808,46.9,3.8240346,-91.2,-1772.5,18,0
$STAT,19.296,L6E,204,4820,46.9,3.8240409,-91.0,-1776.8,18,0
$STAT,19.344,L6E,204,4832,46.9,3.8240419,-91.2,-1781.2,18,0
$STAT,19.392,L6E,204,4844,46.9,3.8240426,-91.1,-1785.6,18,0
$STAT,19.440,L6E,204,4856,46.9,3.8240436,-90.9,-1790.0,18,0
$STAT,19.488,L6E,204,4868,46.9,3.8240447,-91.1,-1794.3,18,0
$STAT,19.536,L6E,204,4880,46.9,3.8240459,-91.0,-1798.7,18,0
$STAT,19.584,L6E,204,4892,46.9,3.8240477,-91.0,-1803.1,18,0
$STAT,19.632,L6E,204,4904,46.9,3.8240498,-91.1,-1807.4,18,0
$STAT,19.680,L6E,204,4916,46.9,3.8240521,-91.3,-1811.8,18,0
$STAT,19.728,L6E,204,4928,46.9,3.8240547,-91.2,-1816.2,18,0
$STAT,19.776,L6E,204,4940,46.9,3.8240575,-91.0,-1820.6,18,0
$L6FRM,18.784,L6E,204,0,1ACFFC1DCC2183AE522390841D71945000002151AFFE0FBFD6CC00FE3FFFA2002C00009305C003027F985800A3000003FFC1800376420005FC0062500452FFF6F7FFED0003ED1B000FFBFF86000619FFFF9FFF91FFF29D3700174C001EC00B2BFFF33FFEEFFFE4BC67FFD088008B80074FFFD73FFD1FFFFC7D8C0019300860FFDCAFFF79FFFC1FFFFF0137FF481FF6F9FFA09FFF690004A0019010941D7194A0000042A4B05324B44BA4BC4BE4C0480000000000000000000000000000000000000000000000000000000000000000000000000000000000000048242D4108EFF25F1960CB49EF97EED9FEBD2148E206D7980CE84D2A6745C06F
$STAT,19.824,L6E,204,4952,46.9,3.8240605,-91.2,-1824.9,19,0
$STAT,19.872,L6E,204,4964,46.9,3.8240636,-91.1,-1829.3,19,0
$STAT,19.920,L6E,204,4976,46.9,3.8240670,-91.1,-1833.7,19,0
$STAT,19.968,L6E,204,4988,46.9,3.8240706,-91.1,-1838.1,19,0
$STAT,20.016,L6E,204,5000,46.9,3.8240746,-91.3,-1842.4,19,0
$STAT,20.064,L6E,204,5012,46.9,3.8240790,-91.4,-1846.8,19,0
$STAT,20.112,L6E,204,5024,46.9,3.8240835,-91.3,-1851.2,19,0
$STAT,20.160,L6E,204,5036,46.9,3.8240883,-91.2,-1855.6,19,0
$STAT,20.208,L6E,204,5048,46.9,3.8240935,-91.2,-1859.9,19,0
$STAT,20.256,L6E,204,5060,46.9,3.8240989,-91.1,-1864.3,19,0
$STAT,20.304,L6E,204,5072,46.9,3.8241045,-91.3,-1868.7,19,0
$STAT,20.352,L6E,204,5084,46.9,3.8241105,-91.1,-1873.1,19,0
$STAT,20.400,L6E,204,5096,46.9,3.8241165,-91.3,-1877.4,19,0
$STAT,20.448,L6E,204,5108,46.9,3.8241229,-91.2,-1881.8,19,0
$STAT,20.496,L6E,204,5120,46.9,3.8241254,-91.4,-1886.2,19,0
$STAT,20.544,L6E,204,5132,46.9,3.8241260,-91.2,-1890.6,19,0
$STAT,20.592,L6E,204,5144,46.9,3.8241268,-91.2,-1894.9,19,0
$STAT,20.640,L6E,204,5156,46.9,3.8241278,-91.0,-1899.3,19,0
$STAT,20.688,L6E,204,5168,46.9,3.8241290,-91.1,-1903.7,19,0
$STAT,20.736,L6E,204,5180,46.9,3.8241304,-91.2,-1908.1,19,0
$STAT,20.784,L6E,204,5192,46.9,3.8241321,-91.0,-1912.4,19,0
$L6FRM,19.784,L6E,204,0,1ACFFC1DCC2183AE622390981D7304800000C020099D0400D0B87FF81E8BFFC9B8DFF8E80FFF96991FDEFF93FF8F894003CC1800B079A00D361E00C3021FFE2C22007C727FFC84A9FF9342A001C731FFEB132008FC34000C6BA00296BDFFFCBBE0039041FF6D8010B13FD42500000443FECEF0BFB6691FD9EFC4FB91B4BFC0349FF26DD47D26EACFF8ED1BFB9A9BBFCC5A7FEB1371FC07BE5FDAA5CFFBD8CA7EE1535FD4352DF9180000000000000000000000000000000000000000000000000000000000000000000000000000000000000000000000000000C42E9D2C5D467759E71B599869B2DBEC4C0BBBB1C25B70E66505201115F39278
$STAT,20.832,L6E,204,5204,46.9,3.8241341,-91.0,-1916.8,20,0
$STAT,20.880,L6E,204,5216,46.9,3.8241365,-91.2,-1921.2,20,0
$STAT,20.928,L6E,204,5228,46.9,3.8241392,-90.9,-1925.5,20,0
$STAT,20.976,L6E,204,5240,46.9,3.8241422,-90.9,-1929.9,20,0
$STAT,21.024,L6E,204,5252,47.0,3.8241456,-91.0,-1934.3,20,0
$STAT,21.072,L6E,204,5264,47.0,3.8241489,-91.1,-1938.6,20,0
$STAT,21.120,L6E,204,5276,47.0,3.8241526,-91.1,-1943.0,20,0
$STAT,21.168,L6E,204,5288,47.0,3.8241567,-90.8,-1947.4,20,0
$STAT,21.216,L6E,204,5300,47.0,3.8241612,-91.2,-1951.7,20,0
$STAT,21.264,L6E,204,5312,47.0,3.8241659,-91.0,-1956.1,20,0
$STAT,21.312,L6E,204,5324,47.0,3.8241708,-91.3,-1960.5,20,0
$STAT,21.360,L6E,204,5336,47.0,3.8241761,-91.2,-1964.9,20,0
$STAT,21.408,L6E,204,5348,47.0,3.8241813,-91.0,-1969.2,20,0
$STAT,21.456,L6E,204,5360,47.0,3.8241868,-91.1,-1973.6,20,0
$STAT,21.504,L6E,204,5372,47.0,3.8241926,-91.1,-1978.0,20,0
$STAT,21.552,L6E,204,5384,47.0,3.8241986,-91.1,-1982.4,20,0
$STAT,21.600,L6E,204,5396,47.0,3.8242051,-91.0,-1986.7,20,0
$STAT,21.648,L6E,204,5408,47.0,3.8242084,-91.1,-1991.1,20,0
$STAT,21.696,L6E,204,5420,47.0,3.8242090,-91.0,-1995.5,20,0
$STAT,21.744,L6E,204,5432,47.0,3.8242093,-91.0,-1999.9,20,0
$STAT,21.792,L6E,204,5444,47.0,3.8242100,-91.0,-2004.2,20,0
$L6FRM,20.784,L6E,204,0,1ACFFC1DCC2183AE6223800000000000000000000000000000000000000000000000000000000000000000000000000000000000000000000000000000000000000000000000000000000000000000000000000000000000000000000000000000000000000000000000000000000000000000000000000000000000000000000000000000000000000000000000000000000000000000000000000000000000000000000000000000000000000000000000000000000000000000000000000000000000000000000000000000000000000000000000000000006C8411DB85636602AE1646FD00D08FAFFB6A99B2DFF5EA73E1E33881319B7D01
$STAT,21.840,L6E,204,5456,47.0,3.8242111,-90.9,-2008.6,21,0
$STAT,21.888,L6E,204,5468,47.0,3.8242121,-91.1,-2013.0,21,0
$STAT,21.936,L6E,204,5480,47.0,3.8242138,-91.1,-2017.3,21,0
$STAT,21.984,L6E,204,5492,47.0,3.8242159,-91.3,-2021.7,21,0
$STAT,22.032,L6E,204,5504,46.8,3.8242181,-91.2,-2026.1,21,0
$STAT,22.080,L6E,204,5516,46.8,3.8242204,-91.1,-2030.5,21,0
$STAT,22.128,L6E,204,5528,46.8,3.8242233,-91.2,-2034.8,21,0
$STAT,22.176,L6E,204,5540,46.8,3.8242265,-91.3,-2039.2,21,0
$STAT,22.224,L6E,204,5552,46.8,3.8242296,-91.1,-2043.6,21,0
$STAT,22.272,L6E,204,5564,46.8,3.8242333,-90.9,-2047.9,21,0
$STAT,22.320,L6E,204,5576,46.8,3.8242370,-90.9,-2052.3,21,0
$STAT,22.368,L6E,204,5588,46.8,3.8242411,-91.1,-2056.7,21,0
$STAT,22.416,L6E,204,5600,46.8,3.8242454,-91.1,-2061.1,21,0
$STAT,22.464,L6E,204,5612,46.8,3.8242500,-91.0,-2065.4,21,0
$STAT,22.512,L6E,204,5624,46.8,3.8242551,-91.1,-2069.8,21,0
$STAT,22.560,L6E,204,5636,46.8,3.8242604,-91.1,-2074.2,21,0
$STAT,22.608,L6E,204,5648,46.8,3.8242660,-91.0,-2078.5,21,0
$STAT,22.656,L6E,204,5660,46.8,3.8242717,-90.9,-2082.9,21,0
$STAT,22.704,L6E,204,5672,46.8,3.8242778,-91.0,-2087.3,21,0
$STAT,22.752,L6E,204,5684,46.8,3.8242839,-91.1,-2091.6,21,0
$STAT,22.800,L6E,204,5696,46.8,3.8242904,-91.0,-2096.0,21,0
$L6FRM,21.784,L6E,204,0,1ACFFC1DCC2183AE722390981D7384A00000C02009980400D0F87FF81D8BFFC868DFF8E28FFF97191FDF1113FF8F914003C89800AED1A00D339E00C2321FFE2F22007BBA7FFC7D29FF949AA001D531FFEB732008F634000C3BA002A0BDFFFC83E003AD41FF6D5010B13FD82500000443FECD20BFB7551FD9F184FB914CBFC0669FF268747D2854CFF8DC5BFB98CBBFCC477FEB0D51FC08465FDAE14FFBD30A7EE1FF5FD43C2DF91B0000000000000000000000000000000000000000000000000000000000000000000000000000000000000000000000000000EA239D3CDABFA9707FCAF4129FF7F8EDDD6CE0381C165E6B0F71162EEF72FAB0
$STAT,22.848,L6E,204,5708,46.8,3.8242917,-91.2,-2100.4,22,0
$STAT,22.896,L6E,204,5720,46.8,3.8242921,-91.0,-2104.8,22,0
$STAT,22.944,L6E,204,5732,46.8,3.8242927,-91.1,-2109.1,22,0
$STAT,22.992,L6E,204,5744,46.8,3.8242937,-91.1,-2113.5,22,0
$STAT,23.040,L6E,204,5756,46.8,3.8242949,-91.0,-2117.9,22,0
$STAT,23.088,L6E,204,5768,46.8,3.8242965,-91.1,-2122.2,22,0
$STAT,23.136,L6E,204,5780,46.8,3.8242983,-91.1,-2126.6,22,0
$STAT,23.184,L6E,204,5792,46.8,3.8243004,-91.1,-2131.0,22,0
$STAT,23.232,L6E,204,5804,46.8,3.8243029,-91.0,-2135.3,22,0
$STAT,23.280,L6E,204,5816,46.8,3.8243057,-91.1,-2139.7,22,0
$STAT,23.328,L6E,204,5828,46.8,3.8243086,-90.8,-2144.1,22,0
$STAT,23.376,L6E,204,5840,46.8,3.8243118,-91.0,-2148.4,22,0
$STAT,23.424,L6E,204,5852,46.8,3.8243152,-91.1,-2152.8,22,0
$STAT,23.472,L6E,204,5864,46.8,3.8243189,-91.0,-2157.2,22,0
$STAT,23.520,L6E,204,5876,46.8,3.8243230,-90.9,-2161.5,22,0
$STAT,23.568,L6E,204,5888,46.8,3.8243275,-91.0,-2165.9,22,0
$STAT,23.616,L6E,204,5900,46.8,3.8243321,-90.9,-2170.3,22,0
$STAT,23.664,L6E,204,5912,46.8,3.8243370,-90.7,-2174.7,22,0
$STAT,23.712,L6E,204,5924,46.8,3.8243420,-90.9,-2179.0,22,0
$STAT,23.760,L6E,204,5936,46.8,3.8243475,-90.9,-2183.4,22,0
$L6FRM,22.784,L6E,204,0,1ACFFC1DCC2183AE7223909D3FD8B3000001012D0054DC02DA4030C7FFE13FFECFFFF788B40171C00D610008FFFF4F7FFA60019A32D004447FEC3C00A43FFEA0000C8001C90B4017E501EAF000D0FFF6480016FFFC652D0046B4010EBFB26BFFC09FFE7FFF979CB400B33FE6A1012AC000FD80064000AA82D0067140155802323FFE48002C80014B0B401BB1FEDE6FFA30FFFCEFFF6100068010AD3FD8B600000202808F19C43CA79CE41EC3C00000000000000000000000000000000000000000000000000000000000000000000000000000000000000000002B0CC6083FA7A5CF59DC7CF06770B74344133E74B96B733EEBF8B91ABC275C63
$STAT,23.808,L6E,204,5948,46.8,3.8243531,-91.0,-2187.8,23,0
$STAT,23.856,L6E,204,5960,46.8,3.8243590,-91.1,-2192.1,23,0
$STAT,23.904,L6E,204,5972,46.8,3.8243652,-90.9,-2196.5,23,0
$STAT,23.952,L6E,204,5984,46.8,3.8243716,-91.0,-2200.9,23,0
$STAT,24.000,L6E,204,5996,46.8,3.8243750,-90.9,-2205.2,23,0
$STAT,24.048,L6E,204,6008,47.1,3.8243756,-91.0,-2209.6,23,0
$STAT,24.096,L6E,204,6020,47.1,3.8243762,-91.1,-2213.9,23,0
$STAT,24.144,L6E,204,6032,47.1,3.8243772,-90.8,-2218.3,23,0
$STAT,24.192,L6E,204,6044,47.1,3.8243784,-90.9,-2222.7,23,0
$STAT,24.240,L6E,204,6056,47.1,3.8243798,-90.9,-2227.0,23,0
$STAT,24.288,L6E,204,6068,47.1,3.8243816,-90.9,-2231.4,23,0
$STAT,24.336,L6E,204,6080,47.1,3.8243836,-90.9,-2235.8,23,0
$STAT,24.384,L6E,204,6092,47.1,3.8243858,-90.6,-2240.1,23,0
$STAT,24.432,L6E,204,6104,47.1,3.8243882,-91.0,-2244.5,23,0
$STAT,24.480,L6E,204,6116,47.1,3.8243910,-90.8,-2248.8,23,0
$STAT,24.528,L6E,204,6128,47.1,3.8243942,-90.9,-2253.2,23,0
$STAT,24.576,L6E,204,6140,47.1,3.8243978,-90.9,-2257.6,23,0
$STAT,24.624,L6E,204,6152,47.1,3.8244017,-91.0,-2261.9,23,0
$STAT,24.672,L6E,204,6164,47.1,3.8244057,-90.9,-2266.3,23,0
$STAT,24.720,L6E,204,6176,47.1,3.8244097,-90.9,-2270.7,23,0
$STAT,24.768,L6E,204,6188,47.1,3.8244142,-91.0,-2275.0,23,0
$L6FRM,23.784,L6E,204,0,1ACFFC1DCC2183AE822390981D7404A00000C020098E8400D1307FF8238BFFC800DFF8E90FFF97B91FDF1C13FF8F814003C01800ADA1A00D2D9E00C1AA1FFE35A2007AE27FFC84A9FF95C2A001DF31FFEB132008F334000C8BA002A6BDFFFC7BE003AA41FF6CF010B13FDC2500000443FECD50BFB7CD1FD9E644FB9290BFC0519FF268247D28F6CFF8E01BFB98B3BFCC187FEB1311FC07CA5FDAD7CFFBCF2A7EE2075FD448ADF91B580000000000000000000000000000000000000000000000000000000000000000000000000000000000000000000000000058979E0152773D375583782716F0625138EBC7D0F485F88E66862099CC51183A
$STAT,24.816,L6E,204,6200,47.1,3.8244188,-90.9,-2279.4,24,0
$STAT,24.864,L6E,204,6212,47.1,3.8244237,-90.9,-2283.7,24,0
$STAT,24.912,L6E,204,6224,47.1,3.8244290,-90.9,-2288.1,24,0
$STAT,24.960,L6E,204,6236,47.1,3.8244344,-90.7,-2292.5,24,0
$STAT,25.008,L6E,204,6248,47.1,3.8244403,-90.7,-2296.8,24,0
$STAT,25.056,L6E,204,6260,47.1,3.8244462,-91.0,-2301.2,24,0
$STAT,25.104,L6E,204,6272,47.1,3.8244523,-90.8,-2305.5,24,0
$STAT,25.152,L6E,204,6284,47.1,3.8244583,-90.9,-2309.9,24,0
$STAT,25.200,L6E,204,6296,47.1,3.8244587,-91.0,-2314.3,24,0
$STAT,25.248,L6E,204,6308,47.1,3.8244594,-91.1,-2318.6,24,0
$STAT,25.296,L6E,204,6320,47.1,3.8244604,-90.8,-2323.0,24,0
$STAT,25.344,L6E,204,6332,47.1,3.8244614,-90.9,-2327.3,24,0
$STAT,25.392,L6E,204,6344,47.1,3.8244628,-91.0,-2331.7,24,0
$STAT,25.440,L6E,204,6356,47.1,3.8244644,-91.0,-2336.1,24,0
$STAT,25.488,L6E,204,6368,47.1,3.8244662,-91.0,-2340.4,24,0
$STAT,25.536,L6E,204,6380,47.1,3.8244686,-90.8,-2344.8,24,0
$STAT,25.584,L6E,204,6392,47.1,3.8244710,-91.1,-2349.2,24,0
$STAT,25.632,L6E,204,6404,47.1,3.8244737,-90.9,-2353.5,24,0
$STAT,25.680,L6E,204,6416,47.1,3.8244769,-90.7,-2357.9,24,0
$STAT,25.728,L6E,204,6428,47.1,3.8244800,-90.8,-2362.3,24,0
$STAT,25.776,L6E,204,6440,47.1,3.8244836,-91.1,-2366.6,24,0
$L6FRM,24.784,L6E,204,0,1ACFFC1DCC2183AE8223909D3FD8B30000010D2D004163FE943FF4DFFFD46001C4004538B400D30FEE1CFF96FFFFB58008F000D0F2D005037FDA0402023FF9E1FFDDBFFDAC4B4010850095A008D5FFFAB800ABFFFF322D00194FF5F4404304001980005BFFC54CB401FC00083E00158FFF467FFC60016942DFFFE2802D97FE61000099FFCB40035D4B40066200C0C005B5000298007FFFFFC010AD3FD8B60000021A838E79D13E46CCFA2153800000000000000000000000000000000000000000000000000000000000000000000000000000000000000000007A6276949AA983C9B1519F08884CC61C6A3F5600575C86E01B057F7D45B3BD2E
$STAT,25.824,L6E,204,6452,47.1,3.8244874,-90.8,-2371.0,25,0
$STAT,25.872,L6E,204,6464,47.1,3.8244914,-90.8,-2375.4,25,0
$STAT,25.920,L6E,204,6476,47.1,3.8244955,-90.9,-2379.7,25,0
$STAT,25.968,L6E,204,6488,47.1,3.8244999,-91.0,-2384.1,25,0
$STAT,26.016,L6E,204,6500,47.2,3.8245048,-90.9,-2388.4,25,0
$STAT,26.064,L6E,204,6512,47.2,3.8245098,-90.7,-2392.8,25,0
$STAT,26.112,L6E,204,6524,47.2,3.8245149,-91.0,-2397.2,25,0
$STAT,26.160,L6E,204,6536,47.2,3.8245205,-91.0,-2401.5,25,0
$STAT,26.208,L6E,204,6548,47.2,3.8245262,-90.9,-2405.9,25,0
$STAT,26.256,L6E,204,6560,47.2,3.8245322,-91.0,-2410.3,25,0
$STAT,26.304,L6E,204,6572,47.2,3.8245387,-91.0,-2414.6,25,0
$STAT,26.352,L6E,204,6584,47.2,3.8245422,-90.8,-2419.0,25,0
$STAT,26.400,L6E,204,6596,47.2,3.8245425,-90.8,-2423.4,25,0
$STAT,26.448,L6E,204,6608,47.2,3.8245433,-90.9,-2427.7,25,0
$STAT,26.496,L6E,204,6620,47.2,3.8245444,-91.1,-2432.1,25,0
$STAT,26.544,L6E,204,6632,47.2,3.8245456,-90.7,-2436.5,25,0
$STAT,26.592,L6E,204,6644,47.2,3.8245470,-90.8,-2440.8,25,0
$STAT,26.640,L6E,204,6656,47.2,3.8245489,-90.7,-2445.2,25,0
$STAT,26.688,L6E,204,6668,47.2,3.8245509,-91.0,-2449.5,25,0
$STAT,26.736,L6E,204,6680,47.2,3.8245530,-90.9,-2453.9,25,0
$STAT,26.784,L6E,204,6692,47.2,3.8245558,-91.0,-2458.3,25,0
$L6FRM,25.784,L6E,204,0,1ACFFC1DCC2183AE922390981D7484A00000C02009948400D1507FF82B0BFFC680DFF8E50FFF98811FDF0793FF8F614003C99800AC39A00D289E00C0921FFE2DA2007AD27FFC8929FF969AA001F231FFEAEB2008F7B4000C7BA002B2BDFFFCABE003B341FF6D5010B13FE02500000443FECE90BFB7321FD9E124FB9234BFC0439FF269C47D2826CFF8F25BFB9B0BBFCC797FEB0F11FC08325FDAB7CFFBCC9A7EE22B5FD44B6DF91AC000000000000000000000000000000000000000000000000000000000000000000000000000000000000000000000000000442E974EF5751ADC5A91F1285E064452F8F07B18644997D9B2F63F33F6C8E816
$STAT,26.832,L6E,204,6704,47.2,3.8245589,-91.0,-2462.6,26,0
$STAT,26.880,L6E,204,6716,47.2,3.8245621,-90.9,-2467.0,26,0
$STAT,26.928,L6E,204,6728,47.2,3.8245655,-90.9,-2471.3,26,0
$STAT,26.976,L6E,204,6740,47.2,3.8245692,-90.9,-2475.7,26,0
$STAT,27.024,L6E,204,6752,47.5,3.8245734,-90.7,-2480.1,26,0
$STAT,27.072,L6E,204,6764,47.5,3.8245778,-90.5,-2484.4,26,0
$STAT,27.120,L6E,204,6776,47.5,3.8245823,-90.9,-2488.8,26,0
$STAT,27.168,L6E,204,6788,47.5,3.8245871,-90.9,-2493.1,26,0
$STAT,27.216,L6E,204,6800,47.5,3.8245922,-90.8,-2497.5,26,0
$STAT,27.264,L6E,204,6812,47.5,3.8245976,-90.8,-2501.9,26,0
$STAT,27.312,L6E,204,6824,47.5,3.8246032,-91.0,-2506.2,26,0
$STAT,27.360,L6E,204,6836,47.5,3.8246089,-90.9,-2510.6,26,0
$STAT,27.408,L6E,204,6848,47.5,3.8246149,-91.0,-2514.9,26,0
$STAT,27.456,L6E,204,6860,47.5,3.8246213,-90.8,-2519.3,26,0
$STAT,27.504,L6E,204,6872,47.5,3.8246253,-90.7,-2523.7,26,0
$STAT,27.552,L6E,204,6884,47.5,3.8246256,-91.0,-2528.0,26,0
$STAT,27.600,L6E,204,6896,47.5,3.8246264,-90.8,-2532.4,26,0
$STAT,27.648,L6E,204,6908,47.5,3.8246273,-90.8,-2536.8,26,0
$STAT,27.696,L6E,204,6920,47.5,3.8246285,-90.8,-2541.1,26,0
$STAT,27.744,L6E,204,6932,47.5,3.8246298,-91.0,-2545.5,26,0
$STAT,27.792,L6E,204,6944,47.5,3.8246315,-91.0,-2549.8,26,0
$L6FRM,26.784,L6E,204,0,1ACFFC1DCC2183AE9223909D3FD8A3000000362D008F0BFFD0000FC400065FFFA8001F10AD3FD8A60000006C780000000000000000000000000000000000000000000000000000000000000000000000000000000000000000000000000000000000000000000000000000000000000000000000000000000000000000000000000000000000000000000000000000000000000000000000000000000000000000000000000000000000000000000000000000000000000000000000000000000000000000000000000000000000000000000000000000000000303772B69FB3A25E0A0FB7CF418111B4949846BCBEF747155B186B6FECA43601
$STAT,27.840,L6E,204,6956,47.5,3.8246333,-90.8,-2554.2,27,0
$STAT,27.888,L6E,204,6968,47.5,3.8246354,-91.0,-2558.6,27,0
$STAT,27.936,L6E,204,6980,47.5,3.8246378,-90.8,-2562.9,27,0
$STAT,27.984,L6E,204,6992,47.5,3.8246405,-90.8,-2567.3,27,0
$STAT,28.032,L6E,204,7004,47.7,3.8246437,-90.7,-2571.6,27,0
$STAT,28.080,L6E,204,7016,47.7,3.8246469,-90.7,-2576.0,27,0
$STAT,28.128,L6E,204,7028,47.7,3.8246505,-90.7,-2580.3,27,0
$STAT,28.176,L6E,204,7040,47.7,3.8246541,-90.6,-2584.7,27,0
$STAT,28.224,L6E,204,7052,47.7,3.8246581,-90.6,-2589.1,27,0
$STAT,28.272,L6E,204,7064,47.7,3.8246625,-90.7,-2593.4,27,0
$STAT,28.320,L6E,204,7076,47.7,3.8246671,-90.8,-2597.8,27,0
$STAT,28.368,L6E,204,7088,47.7,3.8246719,-90.7,-2602.1,27,0
$STAT,28.416,L6E,204,7100,47.7,3.8246769,-90.8,-2606.5,27,0
$STAT,28.464,L6E,204,7112,47.7,3.8246823,-91.0,-2610.8,27,0
$STAT,28.512,L6E,204,7124,47.7,3.8246884,-90.7,-2615.2,27,0
$STAT,28.560,L6E,204,7136,47.7,3.8246946,-90.7,-2619.6,27,0
$STAT,28.608,L6E,204,7148,47.7,3.8247008,-90.9,-2623.9,27,0
$STAT,28.656,L6E,204,7160,47.7,3.8247076,-90.9,-2628.3,27,0
$STAT,28.704,L6E,204,7172,47.7,3.8247083,-90.8,-2632.6,27,0
$STAT,28.752,L6E,204,7184,47.7,3.8247088,-90.8,-2637.0,27,0
$STAT,28.800,L6E,204,7196,47.7,3.8247096,-90.8,-2641.3,27,0
$L6FRM,27.784,L6E,204,0,1ACFFC1DCC2183AEA22390981D7504A00000C02009938400D1487FF82A8BFFC460DFF8E50FFF99A11FDEEA13FF8F314003CA1800AC11A00D2E1E00C0CA1FFE32A20079827FFC9329FF9742A001F231FFEB732008F834000C8BA002C83DFFFCE3E003BB41FF6D2010B13FE42600000443FED060BFB6B11FD9D724FB91A8BFC0701FF268A47D27CECFF8D8DBFB99C3BFCC377FEB03F1FC073E5FDA9ACFFBCB9A7EE1F35FD449ADF91808000000000000000000000000000000000000000000000000000000000000000000000000000000000000000000000000008D35BFB38D19A81C51B95A7BF16B5E8E8BB7312A5499E791A3DF537B8D93364B
$STAT,28.848,L6E,204,7208,47.7,3.8247107,-90.9,-2645.7,28,0
$STAT,28.896,L6E,204,7220,47.7,3.8247122,-90.7,-2650.1,28,0
$STAT,28.944,L6E,204,7232,47.7,3.8247139,-90.6,-2654.4,28,0
$STAT,28.992,L6E,204,7244,47.7,3.8247158,-90.8,-2658.8,28,0
$STAT,29.040,L6E,204,7256,47.7,3.8247181,-90.9,-2663.1,28,0
$STAT,29.088,L6E,204,7268,47.7,3.8247204,-90.8,-2667.5,28,0
$STAT,29.136,L6E,204,7280,47.7,3.8247231,-90.7,-2671.9,28,0
$STAT,29.184,L6E,204,7292,47.7,3.8247262,-90.8,-2676.2,28,0
$STAT,29.232,L6E,204,7304,47.7,3.8247296,-90.6,-2680.6,28,0
$STAT,29.280,L6E,204,7316,47.7,3.8247332,-90.7,-2684.9,28,0
$STAT,29.328,L6E,204,7328,47.7,3.8247370,-90.9,-2689.3,28,0
$STAT,29.376,L6E,204,7340,47.7,3.8247412,-90.8,-2693.6,28,0
$STAT,29.424,L6E,204,7352,47.7,3.8247454,-91.1,-2698.0,28,0
$STAT,29.472,L6E,204,7364,47.7,3.8247501,-90.9,-2702.4,28,0
$STAT,29.520,L6E,204,7376,47.7,3.8247552,-91.0,-2706.7,28,0
$STAT,29.568,L6E,204,7388,47.7,3.8247604,-90.9,-2711.1,28,0
$STAT,29.616,L6E,204,7400,47.7,3.8247660,-91.2,-2715.5,28,0
$STAT,29.664,L6E,204,7412,47.7,3.8247718,-90.8,-2719.8,28,0
$STAT,29.712,L6E,204,7424,47.7,3.8247776,-90.8,-2724.2,28,0
$STAT,29.760,L6E,204,7436,47.7,3.8247837,-90.8,-2728.5,28,0
$L6FRM,28.784,L6E,204,0,1ACFFC1DCC2183AEA223800000000000000000000000000000000000000000000000000000000000000000000000000000000000000000000000000000000000000000000000000000000000000000000000000000000000000000000000000000000000000000000000000000000000000000000000000000000000000000000000000000000000000000000000000000000000000000000000000000000000000000000000000000000000000000000000000000000000000000000000000000000000000000000000000000000000000000000000000000005C268EE9699978BE1889444F9174C90D29EE348E06E69E5CD44E921819FD4EBF
$STAT,29.808,L6E,204,7448,47.7,3.8247900,-90.8,-2732.9,29,0
$STAT,29.856,L6E,204,7460,47.7,3.8247917,-90.8,-2737.3,29,0
$STAT,29.904,L6E,204,7472,47.7,3.8247921,-90.7,-2741.6,29,0
$STAT,29.952,L6E,204,7484,47.7,3.8247925,-90.8,-2746.0,29,0
$STAT,30.000,L6E,204,7496,47.7,3.8247934,-90.8,-2750.3,29,0
$STAT,30.048,L6E,204,7508,47.4,3.8247946,-90.8,-2754.7,29,0
$STAT,30.096,L6E,204,7520,47.4,3.8247960,-90.8,-2759.1,29,0
$STAT,30.144,L6E,204,7532,47.4,3.8247977,-90.8,-2763.4,29,0
$STAT,30.192,L6E,204,7544,47.4,3.8247999,-90.4,-2767.8,29,0
$STAT,30.240,L6E,204,7556,47.4,3.8248021,-90.7,-2772.1,29,0
$STAT,30.288,L6E,204,7568,47.4,3.8248045,-90.8,-2776.5,29,0
$STAT,30.336,L6E,204,7580,47.4,3.8248072,-90.9,-2780.8,29,0
$STAT,30.384,L6E,204,7592,47.4,3.8248103,-90.8,-2785.2,29,0
$LOG,86.754,,0,END FILE=../sample/L6_20211226_082212_12MHz_IQ.bin
